<?xml version="1.0" encoding="UTF-8"?>
<!-- Generated by org.testng.reporters.JUnitXMLReporter -->
<testsuite hostname="ICPL11500" ignored="0" name="Test" tests="1" failures="1" timestamp="16 Jan 2018 11:19:58 GMT" time="25.737" errors="0">
  <testcase name="verifyFlipkart" time="25.373" classname="com.flipkart_test_yeshwanth.test.TestFlipkart">
    <failure type="java.lang.NullPointerException">
      <![CDATA[java.lang.NullPointerException
	at com.flipkart_test_yeshwanth.pom.SearchresultTestPage.verifySortedByPrice(SearchresultTestPage.java:53)
	at com.flipkart_test_yeshwanth.test.TestFlipkart.verifyFlipkart(TestFlipkart.java:24)
... Removed 34 stack frames]]>
    </failure>
  </testcase> <!-- verifyFlipkart -->
</testsuite> <!-- Test -->
