<?xml version="1.0" encoding="UTF-8" ?>
<testsuite tests="1" failures="1" name="TestSuite" time="26.732" errors="0" skipped="0">
  <properties>
[...]
</properties>
  <testcase classname="com.flipkart_test_yeshwanth.test.TestFlipkart" name="verifyFlipkart" time="25.742">
    <failure type="java.lang.NullPointerException">java.lang.NullPointerException
	at com.flipkart_test_yeshwanth.pom.SearchresultTestPage.verifySortedByPrice(SearchresultTestPage.java:53)
	at com.flipkart_test_yeshwanth.test.TestFlipkart.verifyFlipkart(TestFlipkart.java:24)
</failure>
    <system-out>[ConfigurationManager] - ISFW build info: {qaf-Type=core, qaf-Revision=12-RC3, qaf-Version=2.1, qaf-Build-Time=06-Aug-2017 11:49:43}
[ConfigurationManager] - Resource dir: C:\Users\yeshwanth.kumar\QASWorkspace\Flipkart_Test_Yeshwanth\resources. Found property files to load: 3
[ConfigurationManager] - Resource dir: C:\Users\yeshwanth.kumar\QASWorkspace\Flipkart_Test_Yeshwanth\resources. Found property files to load: 0
[QAFTestBase] - Initializing Driver...browser_str:chromeDriver,base_url:http://www.flipkart.com,sel_server:localhost,port:4444
[UiDriverFactory] - Driver: chromeDriver
driver init done
[WebDriverCommandLogger] - Executing get parameters: {&quot;url&quot;:&quot;http://www.flipkart.com&quot;}
[WebDriverCommandLogger] - command: get[ param-1: {url=http://www.flipkart.com}] Result: null
[WebDriverCommandLogger] - Executing getTitle parameters: {}
[WebDriverCommandLogger] - command: getTitle[ param-1: {}] Result: Online Shopping Site for Mobiles, Fashion, Books, Electronics, Home Appliances and More
[WebDriverCommandLogger] - Executing screenshot parameters: {}
[QAFTestBase] - Capturing screen shotverifyFlipkart_mz632fjuk5hi24633.png
[WebDriverCommandLogger] - Executing findElements parameters: {&quot;using&quot;:&quot;xpath&quot;,&quot;value&quot;:&quot;//button[text()=&apos;?&apos;]&quot;}
[WebDriverCommandLogger] - command: findElements[ param-1: {value=//button[text()=&apos;?&apos;], using=xpath}] Result: [id: 0.08004422309151571-1]
[WebDriverCommandLogger] - Executing clickElement element: Using any of[xpath=//button[text()=&apos;?&apos;], css=svg[class=&apos;_1LYY3m&apos;]] parameters: {&quot;id&quot;:&quot;0.08004422309151571-1&quot;}
[WebDriverCommandLogger] - command: clickElement[ param-1: Using any of[xpath=//button[text()=&apos;?&apos;], css=svg[class=&apos;_1LYY3m&apos;]] param-2: {&quot;id&quot;:&quot;0.08004422309151571-1&quot;}] Result: clickElement:null
[WebDriverCommandLogger] - Executing findElements parameters: {&quot;using&quot;:&quot;css selector&quot;,&quot;value&quot;:&quot;a[title=&apos;Electronics&apos;]&quot;}
[WebDriverCommandLogger] - command: findElements[ param-1: {value=a[title=&apos;Electronics&apos;], using=css selector}] Result: [id: 0.08004422309151571-2]
[WebDriverCommandLogger] - Executing findElement parameters: {&quot;using&quot;:&quot;css selector&quot;,&quot;value&quot;:&quot;a[title=&apos;Electronics&apos;]&quot;}
[WebDriverCommandLogger] - command: findElement[ param-1: {value=a[title=&apos;Electronics&apos;], using=css selector}] Result: id: 0.08004422309151571-2
[WebDriverCommandLogger] - Executing isElementDisplayed element: By.cssSelector: a[title=&apos;Electronics&apos;] parameters: {&quot;id&quot;:&quot;0.08004422309151571-2&quot;}
[WebDriverCommandLogger] - command: isElementDisplayed[ param-1: By.cssSelector: a[title=&apos;Electronics&apos;] param-2: {&quot;id&quot;:&quot;0.08004422309151571-2&quot;}] Result: isElementDisplayed:true
[WebDriverCommandLogger] - Executing findElement parameters: {&quot;using&quot;:&quot;css selector&quot;,&quot;value&quot;:&quot;a[title=&apos;Electronics&apos;]&quot;}
[WebDriverCommandLogger] - command: findElement[ param-1: {value=a[title=&apos;Electronics&apos;], using=css selector}] Result: id: 0.08004422309151571-2
[WebDriverCommandLogger] - Executing mouseMoveTo parameters: {&quot;element&quot;:&quot;0.08004422309151571-2&quot;}
[WebDriverCommandLogger] - command: mouseMoveTo[ param-1: {element=0.08004422309151571-2}] Result: null
[WebDriverCommandLogger] - Executing findElements parameters: {&quot;using&quot;:&quot;css selector&quot;,&quot;value&quot;:&quot;a[title=&apos;Motorola&apos;]&quot;}
[WebDriverCommandLogger] - command: findElements[ param-1: {value=a[title=&apos;Motorola&apos;], using=css selector}] Result: [id: 0.08004422309151571-3]
[WebDriverCommandLogger] - Executing findElement parameters: {&quot;using&quot;:&quot;css selector&quot;,&quot;value&quot;:&quot;a[title=&apos;Motorola&apos;]&quot;}
[WebDriverCommandLogger] - command: findElement[ param-1: {value=a[title=&apos;Motorola&apos;], using=css selector}] Result: id: 0.08004422309151571-3
[WebDriverCommandLogger] - Executing isElementDisplayed element: By.cssSelector: a[title=&apos;Motorola&apos;] parameters: {&quot;id&quot;:&quot;0.08004422309151571-3&quot;}
[WebDriverCommandLogger] - command: isElementDisplayed[ param-1: By.cssSelector: a[title=&apos;Motorola&apos;] param-2: {&quot;id&quot;:&quot;0.08004422309151571-3&quot;}] Result: isElementDisplayed:false
[WebDriverCommandLogger] - Executing findElements parameters: {&quot;using&quot;:&quot;css selector&quot;,&quot;value&quot;:&quot;a[title=&apos;Motorola&apos;]&quot;}
[WebDriverCommandLogger] - command: findElements[ param-1: {value=a[title=&apos;Motorola&apos;], using=css selector}] Result: [id: 0.08004422309151571-3]
[WebDriverCommandLogger] - Executing findElement parameters: {&quot;using&quot;:&quot;css selector&quot;,&quot;value&quot;:&quot;a[title=&apos;Motorola&apos;]&quot;}
[WebDriverCommandLogger] - command: findElement[ param-1: {value=a[title=&apos;Motorola&apos;], using=css selector}] Result: id: 0.08004422309151571-3
[WebDriverCommandLogger] - Executing isElementDisplayed element: By.cssSelector: a[title=&apos;Motorola&apos;] parameters: {&quot;id&quot;:&quot;0.08004422309151571-3&quot;}
[WebDriverCommandLogger] - command: isElementDisplayed[ param-1: By.cssSelector: a[title=&apos;Motorola&apos;] param-2: {&quot;id&quot;:&quot;0.08004422309151571-3&quot;}] Result: isElementDisplayed:true
[WebDriverCommandLogger] - Executing findElement parameters: {&quot;using&quot;:&quot;css selector&quot;,&quot;value&quot;:&quot;a[title=&apos;Motorola&apos;]&quot;}
[WebDriverCommandLogger] - command: findElement[ param-1: {value=a[title=&apos;Motorola&apos;], using=css selector}] Result: id: 0.08004422309151571-3
[WebDriverCommandLogger] - Executing clickElement element: By.cssSelector: a[title=&apos;Motorola&apos;] parameters: {&quot;id&quot;:&quot;0.08004422309151571-3&quot;}
[WebDriverCommandLogger] - command: clickElement[ param-1: By.cssSelector: a[title=&apos;Motorola&apos;] param-2: {&quot;id&quot;:&quot;0.08004422309151571-3&quot;}] Result: clickElement:null
[WebDriverCommandLogger] - Executing findElement parameters: {&quot;using&quot;:&quot;xpath&quot;,&quot;value&quot;:&quot;(//div[@class=&apos;_2rQIn7&apos;])[1]&quot;}
[WebDriverCommandLogger] - command: findElement[ param-1: {value=(//div[@class=&apos;_2rQIn7&apos;])[1], using=xpath}] Result: no such element: Unable to locate element: {&quot;method&quot;:&quot;xpath&quot;,&quot;selector&quot;:&quot;(//div[@class=&apos;_2rQIn7&apos;])[1]&quot;}
  (Session info: chrome=63.0.3239.132)
  (Driver info: chromedriver=2.33.506120 (e3e53437346286c0bc2d2dc9aa4915ba81d9023f),platform=Windows NT 10.0.10586 x86_64) (WARNING: The server did not provide any stacktrace information)
Command duration or timeout: 45 milliseconds
For documentation on this error, please visit: http://seleniumhq.org/exceptions/no_such_element.html
Build info: version: &apos;2.53.0&apos;, revision: &apos;35ae25b1534ae328c771e0856c93e187490ca824&apos;, time: &apos;2016-03-15 10:43:46&apos;
System info: host: &apos;ICPL11500&apos;, ip: &apos;10.11.31.133&apos;, os.name: &apos;Windows 10&apos;, os.arch: &apos;amd64&apos;, os.version: &apos;10.0&apos;, java.version: &apos;1.8.0_151&apos;
Driver info: com.qmetry.qaf.automation.ui.webdriver.QAFExtendedWebDriver
Capabilities [{applicationCacheEnabled=false, rotatable=false, mobileEmulationEnabled=false, networkConnectionEnabled=false, chrome={chromedriverVersion=2.33.506120 (e3e53437346286c0bc2d2dc9aa4915ba81d9023f), userDataDir=C:\Users\YESHWA~1.KUM\AppData\Local\Temp\scoped_dir10296_16719}, takesHeapSnapshot=true, pageLoadStrategy=normal, databaseEnabled=false, handlesAlerts=true, hasTouchScreen=false, version=63.0.3239.132, platform=XP, browserConnectionEnabled=false, nativeEvents=true, acceptSslCerts=true, locationContextEnabled=true, webStorageEnabled=true, browserName=chrome, takesScreenshot=true, javascriptEnabled=true, cssSelectorsEnabled=true, setWindowRect=true, unexpectedAlertBehaviour=}]
Session ID: 85f802ad71f1ca3d906dceb623586e1f
*** Element info: {Using=xpath, value=(//div[@class=&apos;_2rQIn7&apos;])[1]}
[WebDriverCommandLogger] - Executing findElement parameters: {&quot;using&quot;:&quot;xpath&quot;,&quot;value&quot;:&quot;(//div[@class=&apos;_2rQIn7&apos;])[1]&quot;}
[WebDriverCommandLogger] - command: findElement[ param-1: {value=(//div[@class=&apos;_2rQIn7&apos;])[1], using=xpath}] Result: id: 0.08004422309151571-4
[WebDriverCommandLogger] - Executing clickElement element: By.xpath: (//div[@class=&apos;_2rQIn7&apos;])[1] parameters: {&quot;id&quot;:&quot;0.08004422309151571-4&quot;}
[WebDriverCommandLogger] - command: clickElement[ param-1: By.xpath: (//div[@class=&apos;_2rQIn7&apos;])[1] param-2: {&quot;id&quot;:&quot;0.08004422309151571-4&quot;}] Result: clickElement:null
[WebDriverCommandLogger] - Executing findElement parameters: {&quot;using&quot;:&quot;xpath&quot;,&quot;value&quot;:&quot;//li[text()=&apos;Price -- Low to High&apos;]&quot;}
[WebDriverCommandLogger] - command: findElement[ param-1: {value=//li[text()=&apos;Price -- Low to High&apos;], using=xpath}] Result: no such element: Unable to locate element: {&quot;method&quot;:&quot;xpath&quot;,&quot;selector&quot;:&quot;//li[text()=&apos;Price -- Low to High&apos;]&quot;}
  (Session info: chrome=63.0.3239.132)
  (Driver info: chromedriver=2.33.506120 (e3e53437346286c0bc2d2dc9aa4915ba81d9023f),platform=Windows NT 10.0.10586 x86_64) (WARNING: The server did not provide any stacktrace information)
Command duration or timeout: 31 milliseconds
For documentation on this error, please visit: http://seleniumhq.org/exceptions/no_such_element.html
Build info: version: &apos;2.53.0&apos;, revision: &apos;35ae25b1534ae328c771e0856c93e187490ca824&apos;, time: &apos;2016-03-15 10:43:46&apos;
System info: host: &apos;ICPL11500&apos;, ip: &apos;10.11.31.133&apos;, os.name: &apos;Windows 10&apos;, os.arch: &apos;amd64&apos;, os.version: &apos;10.0&apos;, java.version: &apos;1.8.0_151&apos;
Driver info: com.qmetry.qaf.automation.ui.webdriver.QAFExtendedWebDriver
Capabilities [{applicationCacheEnabled=false, rotatable=false, mobileEmulationEnabled=false, networkConnectionEnabled=false, chrome={chromedriverVersion=2.33.506120 (e3e53437346286c0bc2d2dc9aa4915ba81d9023f), userDataDir=C:\Users\YESHWA~1.KUM\AppData\Local\Temp\scoped_dir10296_16719}, takesHeapSnapshot=true, pageLoadStrategy=normal, databaseEnabled=false, handlesAlerts=true, hasTouchScreen=false, version=63.0.3239.132, platform=XP, browserConnectionEnabled=false, nativeEvents=true, acceptSslCerts=true, locationContextEnabled=true, webStorageEnabled=true, browserName=chrome, takesScreenshot=true, javascriptEnabled=true, cssSelectorsEnabled=true, setWindowRect=true, unexpectedAlertBehaviour=}]
Session ID: 85f802ad71f1ca3d906dceb623586e1f
*** Element info: {Using=xpath, value=//li[text()=&apos;Price -- Low to High&apos;]}
[WebDriverCommandLogger] - Executing findElement parameters: {&quot;using&quot;:&quot;xpath&quot;,&quot;value&quot;:&quot;//li[text()=&apos;Price -- Low to High&apos;]&quot;}
[WebDriverCommandLogger] - command: findElement[ param-1: {value=//li[text()=&apos;Price -- Low to High&apos;], using=xpath}] Result: id: 0.08004422309151571-5
[WebDriverCommandLogger] - Executing clickElement element: By.xpath: //li[text()=&apos;Price -- Low to High&apos;] parameters: {&quot;id&quot;:&quot;0.08004422309151571-5&quot;}
[WebDriverCommandLogger] - command: clickElement[ param-1: By.xpath: //li[text()=&apos;Price -- Low to High&apos;] param-2: {&quot;id&quot;:&quot;0.08004422309151571-5&quot;}] Result: clickElement:null
[QAFInvokedMethodListener2] - java.lang.NullPointerException
[WebDriverCommandLogger] - Executing screenshot parameters: {}
[QAFTestBase] - Capturing screen shotverifyFlipkart_17fugrpn53rei24634.png
</system-out>
    <system-err>log4j:WARN No such property [follow] in org.apache.log4j.FileAppender.
Starting ChromeDriver 2.33.506120 (e3e53437346286c0bc2d2dc9aa4915ba81d9023f) on port 16318
Only local connections are allowed.
</system-err>
  </testcase>
</testsuite>